2024-05-22 13:22:09,368 DEBUG    root            Loaded Command Group: ['gcloud', 'components']
2024-05-22 13:22:09,372 DEBUG    root            Loaded Command Group: ['gcloud', 'components', 'update']
2024-05-22 13:22:09,375 DEBUG    root            Running [gcloud.components.update] with arguments: [--allow-no-backup: "True", --compile-python: "True", --quiet: "True", COMPONENT-IDS:6: "['core', 'gcloud-deps', 'bq', 'gcloud', 'gcloud-crc32c', 'gsutil']"]
2024-05-22 13:22:09,376 INFO     ___FILE_ONLY___ Beginning update. This process may take several minutes.

2024-05-22 13:22:09,402 DEBUG    urllib3.connectionpool Starting new HTTPS connection (1): dl.google.com:443
2024-05-22 13:22:09,475 DEBUG    urllib3.connectionpool https://dl.google.com:443 "GET /dl/cloudsdk/channels/rapid/components-2.json HTTP/1.1" 200 222652
2024-05-22 13:22:09,492 INFO     ___FILE_ONLY___ 

2024-05-22 13:22:09,492 INFO     ___FILE_ONLY___ 
Your current Google Cloud CLI version is: 477.0.0

2024-05-22 13:22:09,492 INFO     ___FILE_ONLY___ Installing components from version: 477.0.0

2024-05-22 13:22:09,492 INFO     ___FILE_ONLY___ 

2024-05-22 13:22:09,493 DEBUG    root            Chosen display Format:table[box,title="These components will be removed."](details.display_name:label=Name:align=left,version.version_string:label=Version:align=right,data.size.size(zero="",min=1048576):label=Size:align=right)
2024-05-22 13:22:09,493 DEBUG    root            Chosen display Format:table[box,title="These components will be updated."](details.display_name:label=Name:align=left,version.version_string:label=Version:align=right,data.size.size(zero="",min=1048576):label=Size:align=right)
2024-05-22 13:22:09,494 DEBUG    root            Chosen display Format:table[box,title="These components will be installed."](details.display_name:label=Name:align=left,version.version_string:label=Version:align=right,data.size.size(zero="",min=1048576):label=Size:align=right)
2024-05-22 13:22:09,618 INFO     ___FILE_ONLY___ ┌─────────────────────────────────────────────────────────────────────────────┐
2024-05-22 13:22:09,618 INFO     ___FILE_ONLY___ 

2024-05-22 13:22:09,618 INFO     ___FILE_ONLY___ │                     These components will be installed.                     │
2024-05-22 13:22:09,618 INFO     ___FILE_ONLY___ 

2024-05-22 13:22:09,618 INFO     ___FILE_ONLY___ ├─────────────────────────────────────────────────────┬────────────┬──────────┤
2024-05-22 13:22:09,618 INFO     ___FILE_ONLY___ 

2024-05-22 13:22:09,618 INFO     ___FILE_ONLY___ │                         Name                        │  Version   │   Size   │
2024-05-22 13:22:09,618 INFO     ___FILE_ONLY___ 

2024-05-22 13:22:09,618 INFO     ___FILE_ONLY___ ├─────────────────────────────────────────────────────┼────────────┼──────────┤
2024-05-22 13:22:09,618 INFO     ___FILE_ONLY___ 

2024-05-22 13:22:09,619 INFO     ___FILE_ONLY___ │ 
2024-05-22 13:22:09,619 INFO     ___FILE_ONLY___ BigQuery Command Line Tool                         
2024-05-22 13:22:09,619 INFO     ___FILE_ONLY___  
2024-05-22 13:22:09,619 INFO     ___FILE_ONLY___ │ 
2024-05-22 13:22:09,619 INFO     ___FILE_ONLY___      2.1.4
2024-05-22 13:22:09,619 INFO     ___FILE_ONLY___  
2024-05-22 13:22:09,619 INFO     ___FILE_ONLY___ │ 
2024-05-22 13:22:09,619 INFO     ___FILE_ONLY___  1.7 MiB
2024-05-22 13:22:09,619 INFO     ___FILE_ONLY___  
2024-05-22 13:22:09,619 INFO     ___FILE_ONLY___ │
2024-05-22 13:22:09,619 INFO     ___FILE_ONLY___ 

2024-05-22 13:22:09,619 INFO     ___FILE_ONLY___ │ 
2024-05-22 13:22:09,619 INFO     ___FILE_ONLY___ BigQuery Command Line Tool (Platform Specific)     
2024-05-22 13:22:09,619 INFO     ___FILE_ONLY___  
2024-05-22 13:22:09,619 INFO     ___FILE_ONLY___ │ 
2024-05-22 13:22:09,620 INFO     ___FILE_ONLY___    2.0.101
2024-05-22 13:22:09,620 INFO     ___FILE_ONLY___  
2024-05-22 13:22:09,620 INFO     ___FILE_ONLY___ │ 
2024-05-22 13:22:09,620 INFO     ___FILE_ONLY___  < 1 MiB
2024-05-22 13:22:09,620 INFO     ___FILE_ONLY___  
2024-05-22 13:22:09,620 INFO     ___FILE_ONLY___ │
2024-05-22 13:22:09,620 INFO     ___FILE_ONLY___ 

2024-05-22 13:22:09,620 INFO     ___FILE_ONLY___ │ 
2024-05-22 13:22:09,620 INFO     ___FILE_ONLY___ Bundled Python 3.11                                
2024-05-22 13:22:09,620 INFO     ___FILE_ONLY___  
2024-05-22 13:22:09,620 INFO     ___FILE_ONLY___ │ 
2024-05-22 13:22:09,620 INFO     ___FILE_ONLY___     3.11.8
2024-05-22 13:22:09,620 INFO     ___FILE_ONLY___  
2024-05-22 13:22:09,620 INFO     ___FILE_ONLY___ │ 
2024-05-22 13:22:09,620 INFO     ___FILE_ONLY___ 75.1 MiB
2024-05-22 13:22:09,620 INFO     ___FILE_ONLY___  
2024-05-22 13:22:09,620 INFO     ___FILE_ONLY___ │
2024-05-22 13:22:09,621 INFO     ___FILE_ONLY___ 

2024-05-22 13:22:09,621 INFO     ___FILE_ONLY___ │ 
2024-05-22 13:22:09,621 INFO     ___FILE_ONLY___ Cloud Storage Command Line Tool                    
2024-05-22 13:22:09,621 INFO     ___FILE_ONLY___  
2024-05-22 13:22:09,621 INFO     ___FILE_ONLY___ │ 
2024-05-22 13:22:09,621 INFO     ___FILE_ONLY___       5.29
2024-05-22 13:22:09,621 INFO     ___FILE_ONLY___  
2024-05-22 13:22:09,621 INFO     ___FILE_ONLY___ │ 
2024-05-22 13:22:09,621 INFO     ___FILE_ONLY___ 11.3 MiB
2024-05-22 13:22:09,621 INFO     ___FILE_ONLY___  
2024-05-22 13:22:09,621 INFO     ___FILE_ONLY___ │
2024-05-22 13:22:09,621 INFO     ___FILE_ONLY___ 

2024-05-22 13:22:09,621 INFO     ___FILE_ONLY___ │ 
2024-05-22 13:22:09,621 INFO     ___FILE_ONLY___ Cloud Storage Command Line Tool (Platform Specific)
2024-05-22 13:22:09,622 INFO     ___FILE_ONLY___  
2024-05-22 13:22:09,622 INFO     ___FILE_ONLY___ │ 
2024-05-22 13:22:09,622 INFO     ___FILE_ONLY___       5.27
2024-05-22 13:22:09,622 INFO     ___FILE_ONLY___  
2024-05-22 13:22:09,622 INFO     ___FILE_ONLY___ │ 
2024-05-22 13:22:09,622 INFO     ___FILE_ONLY___  < 1 MiB
2024-05-22 13:22:09,622 INFO     ___FILE_ONLY___  
2024-05-22 13:22:09,622 INFO     ___FILE_ONLY___ │
2024-05-22 13:22:09,622 INFO     ___FILE_ONLY___ 

2024-05-22 13:22:09,622 INFO     ___FILE_ONLY___ │ 
2024-05-22 13:22:09,622 INFO     ___FILE_ONLY___ Google Cloud CLI Core Libraries (Platform Specific)
2024-05-22 13:22:09,622 INFO     ___FILE_ONLY___  
2024-05-22 13:22:09,622 INFO     ___FILE_ONLY___ │ 
2024-05-22 13:22:09,622 INFO     ___FILE_ONLY___ 2024.01.06
2024-05-22 13:22:09,622 INFO     ___FILE_ONLY___  
2024-05-22 13:22:09,622 INFO     ___FILE_ONLY___ │ 
2024-05-22 13:22:09,623 INFO     ___FILE_ONLY___  < 1 MiB
2024-05-22 13:22:09,623 INFO     ___FILE_ONLY___  
2024-05-22 13:22:09,623 INFO     ___FILE_ONLY___ │
2024-05-22 13:22:09,623 INFO     ___FILE_ONLY___ 

2024-05-22 13:22:09,623 INFO     ___FILE_ONLY___ │ 
2024-05-22 13:22:09,623 INFO     ___FILE_ONLY___ Google Cloud CRC32C Hash Tool                      
2024-05-22 13:22:09,623 INFO     ___FILE_ONLY___  
2024-05-22 13:22:09,623 INFO     ___FILE_ONLY___ │ 
2024-05-22 13:22:09,623 INFO     ___FILE_ONLY___      1.0.0
2024-05-22 13:22:09,623 INFO     ___FILE_ONLY___  
2024-05-22 13:22:09,623 INFO     ___FILE_ONLY___ │ 
2024-05-22 13:22:09,623 INFO     ___FILE_ONLY___  1.2 MiB
2024-05-22 13:22:09,623 INFO     ___FILE_ONLY___  
2024-05-22 13:22:09,623 INFO     ___FILE_ONLY___ │
2024-05-22 13:22:09,623 INFO     ___FILE_ONLY___ 

2024-05-22 13:22:09,623 INFO     ___FILE_ONLY___ │ 
2024-05-22 13:22:09,623 INFO     ___FILE_ONLY___ gcloud cli dependencies                            
2024-05-22 13:22:09,624 INFO     ___FILE_ONLY___  
2024-05-22 13:22:09,624 INFO     ___FILE_ONLY___ │ 
2024-05-22 13:22:09,624 INFO     ___FILE_ONLY___ 2021.04.16
2024-05-22 13:22:09,624 INFO     ___FILE_ONLY___  
2024-05-22 13:22:09,624 INFO     ___FILE_ONLY___ │ 
2024-05-22 13:22:09,624 INFO     ___FILE_ONLY___  < 1 MiB
2024-05-22 13:22:09,624 INFO     ___FILE_ONLY___  
2024-05-22 13:22:09,624 INFO     ___FILE_ONLY___ │
2024-05-22 13:22:09,624 INFO     ___FILE_ONLY___ 

2024-05-22 13:22:09,624 INFO     ___FILE_ONLY___ └─────────────────────────────────────────────────────┴────────────┴──────────┘
2024-05-22 13:22:09,624 INFO     ___FILE_ONLY___ 

2024-05-22 13:22:09,624 INFO     ___FILE_ONLY___ 

2024-05-22 13:22:09,628 DEBUG    urllib3.connectionpool Starting new HTTPS connection (1): dl.google.com:443
2024-05-22 13:22:09,751 DEBUG    urllib3.connectionpool https://dl.google.com:443 "GET /dl/cloudsdk/channels/rapid/RELEASE_NOTES HTTP/1.1" 200 1214727
2024-05-22 13:22:09,782 INFO     ___FILE_ONLY___ For the latest full release notes, please visit:
  https://cloud.google.com/sdk/release_notes


2024-05-22 13:22:09,784 INFO     ___FILE_ONLY___ ╔════════════════════════════════════════════════════════════╗

2024-05-22 13:22:09,784 INFO     ___FILE_ONLY___ ╠═ Creating update staging area                             ═╣

2024-05-22 13:22:09,785 INFO     ___FILE_ONLY___ ╚
2024-05-22 13:22:09,785 INFO     ___FILE_ONLY___ ══════
2024-05-22 13:22:09,785 INFO     ___FILE_ONLY___ ══════
2024-05-22 13:22:09,785 INFO     ___FILE_ONLY___ ══════
2024-05-22 13:22:10,057 INFO     ___FILE_ONLY___ ═
2024-05-22 13:22:10,108 INFO     ___FILE_ONLY___ ═
2024-05-22 13:22:10,164 INFO     ___FILE_ONLY___ ═
2024-05-22 13:22:10,213 INFO     ___FILE_ONLY___ ═
2024-05-22 13:22:10,274 INFO     ___FILE_ONLY___ ═
2024-05-22 13:22:10,334 INFO     ___FILE_ONLY___ ═
2024-05-22 13:22:10,378 INFO     ___FILE_ONLY___ ═
2024-05-22 13:22:10,420 INFO     ___FILE_ONLY___ ═
2024-05-22 13:22:10,474 INFO     ___FILE_ONLY___ ═
2024-05-22 13:22:10,524 INFO     ___FILE_ONLY___ ═
2024-05-22 13:22:10,570 INFO     ___FILE_ONLY___ ═
2024-05-22 13:22:10,618 INFO     ___FILE_ONLY___ ═
2024-05-22 13:22:10,661 INFO     ___FILE_ONLY___ ═
2024-05-22 13:22:10,727 INFO     ___FILE_ONLY___ ═
2024-05-22 13:22:10,772 INFO     ___FILE_ONLY___ ═
2024-05-22 13:22:10,846 INFO     ___FILE_ONLY___ ═
2024-05-22 13:22:10,902 INFO     ___FILE_ONLY___ ═
2024-05-22 13:22:11,011 INFO     ___FILE_ONLY___ ═
2024-05-22 13:22:11,064 INFO     ___FILE_ONLY___ ═
2024-05-22 13:22:11,109 INFO     ___FILE_ONLY___ ═
2024-05-22 13:22:11,142 INFO     ___FILE_ONLY___ ═
2024-05-22 13:22:11,174 INFO     ___FILE_ONLY___ ═
2024-05-22 13:22:11,205 INFO     ___FILE_ONLY___ ═
2024-05-22 13:22:11,238 INFO     ___FILE_ONLY___ ═
2024-05-22 13:22:11,279 INFO     ___FILE_ONLY___ ═
2024-05-22 13:22:11,310 INFO     ___FILE_ONLY___ ═
2024-05-22 13:22:11,348 INFO     ___FILE_ONLY___ ═
2024-05-22 13:22:11,419 INFO     ___FILE_ONLY___ ═
2024-05-22 13:22:11,592 INFO     ___FILE_ONLY___ ═
2024-05-22 13:22:11,647 INFO     ___FILE_ONLY___ ═
2024-05-22 13:22:11,701 INFO     ___FILE_ONLY___ ═
2024-05-22 13:22:11,757 INFO     ___FILE_ONLY___ ═
2024-05-22 13:22:11,815 INFO     ___FILE_ONLY___ ═
2024-05-22 13:22:11,864 INFO     ___FILE_ONLY___ ═
2024-05-22 13:22:11,919 INFO     ___FILE_ONLY___ ═
2024-05-22 13:22:11,976 INFO     ___FILE_ONLY___ ═
2024-05-22 13:22:12,030 INFO     ___FILE_ONLY___ ═
2024-05-22 13:22:12,079 INFO     ___FILE_ONLY___ ═
2024-05-22 13:22:12,139 INFO     ___FILE_ONLY___ ═
2024-05-22 13:22:12,204 INFO     ___FILE_ONLY___ ═
2024-05-22 13:22:12,264 INFO     ___FILE_ONLY___ ═
2024-05-22 13:22:12,324 INFO     ___FILE_ONLY___ ═
2024-05-22 13:22:12,324 INFO     ___FILE_ONLY___ ╝

2024-05-22 13:22:12,378 INFO     ___FILE_ONLY___ ╔════════════════════════════════════════════════════════════╗

2024-05-22 13:22:12,378 INFO     ___FILE_ONLY___ ╠═ Installing: BigQuery Command Line Tool                   ═╣

2024-05-22 13:22:12,378 INFO     ___FILE_ONLY___ ╚
2024-05-22 13:22:12,382 DEBUG    urllib3.connectionpool Starting new HTTPS connection (1): dl.google.com:443
2024-05-22 13:22:12,509 DEBUG    urllib3.connectionpool https://dl.google.com:443 "GET /dl/cloudsdk/channels/rapid/components/google-cloud-sdk-bq-20240412130805.tar.gz HTTP/1.1" 200 1746678
2024-05-22 13:22:12,523 INFO     ___FILE_ONLY___ ═
2024-05-22 13:22:12,523 INFO     ___FILE_ONLY___ ═
2024-05-22 13:22:12,524 INFO     ___FILE_ONLY___ ═
2024-05-22 13:22:12,524 INFO     ___FILE_ONLY___ ═
2024-05-22 13:22:12,524 INFO     ___FILE_ONLY___ ═
2024-05-22 13:22:12,524 INFO     ___FILE_ONLY___ ═
2024-05-22 13:22:12,525 INFO     ___FILE_ONLY___ ═
2024-05-22 13:22:12,525 INFO     ___FILE_ONLY___ ═
2024-05-22 13:22:12,525 INFO     ___FILE_ONLY___ ═
2024-05-22 13:22:12,525 INFO     ___FILE_ONLY___ ═
2024-05-22 13:22:12,525 INFO     ___FILE_ONLY___ ═
2024-05-22 13:22:12,526 INFO     ___FILE_ONLY___ ═
2024-05-22 13:22:12,526 INFO     ___FILE_ONLY___ ═
2024-05-22 13:22:12,526 INFO     ___FILE_ONLY___ ═
2024-05-22 13:22:12,526 INFO     ___FILE_ONLY___ ═
2024-05-22 13:22:12,526 INFO     ___FILE_ONLY___ ═
2024-05-22 13:22:12,527 INFO     ___FILE_ONLY___ ═
2024-05-22 13:22:12,527 INFO     ___FILE_ONLY___ ═
2024-05-22 13:22:12,527 INFO     ___FILE_ONLY___ ═
2024-05-22 13:22:12,527 INFO     ___FILE_ONLY___ ═
2024-05-22 13:22:12,527 INFO     ___FILE_ONLY___ ═
2024-05-22 13:22:12,528 INFO     ___FILE_ONLY___ ═
2024-05-22 13:22:12,528 INFO     ___FILE_ONLY___ ═
2024-05-22 13:22:12,528 INFO     ___FILE_ONLY___ ═
2024-05-22 13:22:12,528 INFO     ___FILE_ONLY___ ═
2024-05-22 13:22:12,528 INFO     ___FILE_ONLY___ ═
2024-05-22 13:22:12,528 INFO     ___FILE_ONLY___ ═
2024-05-22 13:22:12,529 INFO     ___FILE_ONLY___ ═
2024-05-22 13:22:12,529 INFO     ___FILE_ONLY___ ═
2024-05-22 13:22:12,529 INFO     ___FILE_ONLY___ ═
2024-05-22 13:22:12,653 INFO     ___FILE_ONLY___ ═
2024-05-22 13:22:12,658 INFO     ___FILE_ONLY___ ═
2024-05-22 13:22:12,663 INFO     ___FILE_ONLY___ ═
2024-05-22 13:22:12,667 INFO     ___FILE_ONLY___ ═
2024-05-22 13:22:12,671 INFO     ___FILE_ONLY___ ═
2024-05-22 13:22:12,675 INFO     ___FILE_ONLY___ ═
2024-05-22 13:22:12,680 INFO     ___FILE_ONLY___ ═
2024-05-22 13:22:12,684 INFO     ___FILE_ONLY___ ═
2024-05-22 13:22:12,688 INFO     ___FILE_ONLY___ ═
2024-05-22 13:22:12,693 INFO     ___FILE_ONLY___ ═
2024-05-22 13:22:12,697 INFO     ___FILE_ONLY___ ═
2024-05-22 13:22:12,700 INFO     ___FILE_ONLY___ ═
2024-05-22 13:22:12,704 INFO     ___FILE_ONLY___ ═
2024-05-22 13:22:12,710 INFO     ___FILE_ONLY___ ═
2024-05-22 13:22:12,714 INFO     ___FILE_ONLY___ ═
2024-05-22 13:22:12,718 INFO     ___FILE_ONLY___ ═
2024-05-22 13:22:12,723 INFO     ___FILE_ONLY___ ═
2024-05-22 13:22:12,727 INFO     ___FILE_ONLY___ ═
2024-05-22 13:22:12,734 INFO     ___FILE_ONLY___ ═
2024-05-22 13:22:12,738 INFO     ___FILE_ONLY___ ═
2024-05-22 13:22:12,744 INFO     ___FILE_ONLY___ ═
2024-05-22 13:22:12,748 INFO     ___FILE_ONLY___ ═
2024-05-22 13:22:12,753 INFO     ___FILE_ONLY___ ═
2024-05-22 13:22:12,757 INFO     ___FILE_ONLY___ ═
2024-05-22 13:22:12,761 INFO     ___FILE_ONLY___ ═
2024-05-22 13:22:12,765 INFO     ___FILE_ONLY___ ═
2024-05-22 13:22:12,770 INFO     ___FILE_ONLY___ ═
2024-05-22 13:22:12,772 INFO     ___FILE_ONLY___ ═
2024-05-22 13:22:12,776 INFO     ___FILE_ONLY___ ═
2024-05-22 13:22:12,780 INFO     ___FILE_ONLY___ ═
2024-05-22 13:22:12,781 INFO     ___FILE_ONLY___ ╝

2024-05-22 13:22:12,794 INFO     ___FILE_ONLY___ ╔════════════════════════════════════════════════════════════╗

2024-05-22 13:22:12,794 INFO     ___FILE_ONLY___ ╠═ Installing: BigQuery Command Line Tool (Platform Spec... ═╣

2024-05-22 13:22:12,794 INFO     ___FILE_ONLY___ ╚
2024-05-22 13:22:12,798 DEBUG    urllib3.connectionpool Starting new HTTPS connection (1): dl.google.com:443
2024-05-22 13:22:12,918 DEBUG    urllib3.connectionpool https://dl.google.com:443 "GET /dl/cloudsdk/channels/rapid/components/google-cloud-sdk-bq-nix-20240106004423.tar.gz HTTP/1.1" 200 2026
2024-05-22 13:22:12,919 INFO     ___FILE_ONLY___ ══════════════════════════════
2024-05-22 13:22:12,920 INFO     ___FILE_ONLY___ ══════════════════════════════
2024-05-22 13:22:12,920 INFO     ___FILE_ONLY___ ╝

2024-05-22 13:22:12,928 INFO     ___FILE_ONLY___ ╔════════════════════════════════════════════════════════════╗

2024-05-22 13:22:12,928 INFO     ___FILE_ONLY___ ╠═ Installing: Bundled Python 3.11                          ═╣

2024-05-22 13:22:12,929 INFO     ___FILE_ONLY___ ╚
2024-05-22 13:22:12,932 DEBUG    urllib3.connectionpool Starting new HTTPS connection (1): dl.google.com:443
2024-05-22 13:22:13,007 DEBUG    urllib3.connectionpool https://dl.google.com:443 "GET /dl/cloudsdk/channels/rapid/components/google-cloud-sdk-bundled-python3-unix-linux-x86_64-20240510142152.tar.gz HTTP/1.1" 200 78697278
2024-05-22 13:22:13,319 INFO     ___FILE_ONLY___ ═
2024-05-22 13:22:13,322 INFO     ___FILE_ONLY___ ═
2024-05-22 13:22:13,325 INFO     ___FILE_ONLY___ ═
2024-05-22 13:22:13,328 INFO     ___FILE_ONLY___ ═
2024-05-22 13:22:13,331 INFO     ___FILE_ONLY___ ═
2024-05-22 13:22:13,333 INFO     ___FILE_ONLY___ ═
2024-05-22 13:22:13,336 INFO     ___FILE_ONLY___ ═
2024-05-22 13:22:13,339 INFO     ___FILE_ONLY___ ═
2024-05-22 13:22:13,342 INFO     ___FILE_ONLY___ ═
2024-05-22 13:22:13,345 INFO     ___FILE_ONLY___ ═
2024-05-22 13:22:13,347 INFO     ___FILE_ONLY___ ═
2024-05-22 13:22:13,350 INFO     ___FILE_ONLY___ ═
2024-05-22 13:22:13,353 INFO     ___FILE_ONLY___ ═
2024-05-22 13:22:13,356 INFO     ___FILE_ONLY___ ═
2024-05-22 13:22:13,358 INFO     ___FILE_ONLY___ ═
2024-05-22 13:22:13,361 INFO     ___FILE_ONLY___ ═
2024-05-22 13:22:13,364 INFO     ___FILE_ONLY___ ═
2024-05-22 13:22:13,367 INFO     ___FILE_ONLY___ ═
2024-05-22 13:22:13,370 INFO     ___FILE_ONLY___ ═
2024-05-22 13:22:13,373 INFO     ___FILE_ONLY___ ═
2024-05-22 13:22:13,375 INFO     ___FILE_ONLY___ ═
2024-05-22 13:22:13,378 INFO     ___FILE_ONLY___ ═
2024-05-22 13:22:13,381 INFO     ___FILE_ONLY___ ═
2024-05-22 13:22:13,384 INFO     ___FILE_ONLY___ ═
2024-05-22 13:22:13,386 INFO     ___FILE_ONLY___ ═
2024-05-22 13:22:13,389 INFO     ___FILE_ONLY___ ═
2024-05-22 13:22:13,392 INFO     ___FILE_ONLY___ ═
2024-05-22 13:22:13,395 INFO     ___FILE_ONLY___ ═
2024-05-22 13:22:13,398 INFO     ___FILE_ONLY___ ═
2024-05-22 13:22:13,400 INFO     ___FILE_ONLY___ ═
2024-05-22 13:22:15,592 INFO     ___FILE_ONLY___ ═
2024-05-22 13:22:15,617 INFO     ___FILE_ONLY___ ═
2024-05-22 13:22:15,641 INFO     ___FILE_ONLY___ ═
2024-05-22 13:22:15,664 INFO     ___FILE_ONLY___ ═
2024-05-22 13:22:15,687 INFO     ___FILE_ONLY___ ═
2024-05-22 13:22:15,711 INFO     ___FILE_ONLY___ ═
2024-05-22 13:22:15,733 INFO     ___FILE_ONLY___ ═
2024-05-22 13:22:15,757 INFO     ___FILE_ONLY___ ═
2024-05-22 13:22:15,780 INFO     ___FILE_ONLY___ ═
2024-05-22 13:22:15,803 INFO     ___FILE_ONLY___ ═
2024-05-22 13:22:15,827 INFO     ___FILE_ONLY___ ═
2024-05-22 13:22:15,850 INFO     ___FILE_ONLY___ ═
2024-05-22 13:22:15,874 INFO     ___FILE_ONLY___ ═
2024-05-22 13:22:15,897 INFO     ___FILE_ONLY___ ═
2024-05-22 13:22:15,921 INFO     ___FILE_ONLY___ ═
2024-05-22 13:22:15,945 INFO     ___FILE_ONLY___ ═
2024-05-22 13:22:15,970 INFO     ___FILE_ONLY___ ═
2024-05-22 13:22:16,377 INFO     ___FILE_ONLY___ ═
2024-05-22 13:22:16,412 INFO     ___FILE_ONLY___ ═
2024-05-22 13:22:16,461 INFO     ___FILE_ONLY___ ═
2024-05-22 13:22:16,498 INFO     ___FILE_ONLY___ ═
2024-05-22 13:22:16,651 INFO     ___FILE_ONLY___ ═
2024-05-22 13:22:16,786 INFO     ___FILE_ONLY___ ═
2024-05-22 13:22:16,823 INFO     ___FILE_ONLY___ ═
2024-05-22 13:22:16,862 INFO     ___FILE_ONLY___ ═
2024-05-22 13:22:16,928 INFO     ___FILE_ONLY___ ═
2024-05-22 13:22:16,962 INFO     ___FILE_ONLY___ ═
2024-05-22 13:22:17,005 INFO     ___FILE_ONLY___ ═
2024-05-22 13:22:18,110 INFO     ___FILE_ONLY___ ═
2024-05-22 13:22:18,139 INFO     ___FILE_ONLY___ ═
2024-05-22 13:22:18,139 INFO     ___FILE_ONLY___ ╝

2024-05-22 13:22:18,218 INFO     ___FILE_ONLY___ ╔════════════════════════════════════════════════════════════╗

2024-05-22 13:22:18,219 INFO     ___FILE_ONLY___ ╠═ Installing: Bundled Python 3.11                          ═╣

2024-05-22 13:22:18,219 INFO     ___FILE_ONLY___ ╚
2024-05-22 13:22:18,223 INFO     ___FILE_ONLY___ ════════════════════════════════════════════════════════════
2024-05-22 13:22:18,223 INFO     ___FILE_ONLY___ ╝

2024-05-22 13:22:18,225 INFO     ___FILE_ONLY___ ╔════════════════════════════════════════════════════════════╗

2024-05-22 13:22:18,225 INFO     ___FILE_ONLY___ ╠═ Installing: Cloud Storage Command Line Tool              ═╣

2024-05-22 13:22:18,225 INFO     ___FILE_ONLY___ ╚
2024-05-22 13:22:18,229 DEBUG    urllib3.connectionpool Starting new HTTPS connection (1): dl.google.com:443
2024-05-22 13:22:18,351 DEBUG    urllib3.connectionpool https://dl.google.com:443 "GET /dl/cloudsdk/channels/rapid/components/google-cloud-sdk-gsutil-20240510142152.tar.gz HTTP/1.1" 200 11893574
2024-05-22 13:22:18,398 INFO     ___FILE_ONLY___ ═
2024-05-22 13:22:18,399 INFO     ___FILE_ONLY___ ═
2024-05-22 13:22:18,400 INFO     ___FILE_ONLY___ ═
2024-05-22 13:22:18,400 INFO     ___FILE_ONLY___ ═
2024-05-22 13:22:18,401 INFO     ___FILE_ONLY___ ═
2024-05-22 13:22:18,401 INFO     ___FILE_ONLY___ ═
2024-05-22 13:22:18,402 INFO     ___FILE_ONLY___ ═
2024-05-22 13:22:18,402 INFO     ___FILE_ONLY___ ═
2024-05-22 13:22:18,403 INFO     ___FILE_ONLY___ ═
2024-05-22 13:22:18,404 INFO     ___FILE_ONLY___ ═
2024-05-22 13:22:18,404 INFO     ___FILE_ONLY___ ═
2024-05-22 13:22:18,405 INFO     ___FILE_ONLY___ ═
2024-05-22 13:22:18,405 INFO     ___FILE_ONLY___ ═
2024-05-22 13:22:18,406 INFO     ___FILE_ONLY___ ═
2024-05-22 13:22:18,406 INFO     ___FILE_ONLY___ ═
2024-05-22 13:22:18,407 INFO     ___FILE_ONLY___ ═
2024-05-22 13:22:18,407 INFO     ___FILE_ONLY___ ═
2024-05-22 13:22:18,408 INFO     ___FILE_ONLY___ ═
2024-05-22 13:22:18,408 INFO     ___FILE_ONLY___ ═
2024-05-22 13:22:18,409 INFO     ___FILE_ONLY___ ═
2024-05-22 13:22:18,409 INFO     ___FILE_ONLY___ ═
2024-05-22 13:22:18,410 INFO     ___FILE_ONLY___ ═
2024-05-22 13:22:18,410 INFO     ___FILE_ONLY___ ═
2024-05-22 13:22:18,411 INFO     ___FILE_ONLY___ ═
2024-05-22 13:22:18,411 INFO     ___FILE_ONLY___ ═
2024-05-22 13:22:18,412 INFO     ___FILE_ONLY___ ═
2024-05-22 13:22:18,412 INFO     ___FILE_ONLY___ ═
2024-05-22 13:22:18,413 INFO     ___FILE_ONLY___ ═
2024-05-22 13:22:18,413 INFO     ___FILE_ONLY___ ═
2024-05-22 13:22:18,414 INFO     ___FILE_ONLY___ ═
2024-05-22 13:22:19,114 INFO     ___FILE_ONLY___ ═
2024-05-22 13:22:19,148 INFO     ___FILE_ONLY___ ═
2024-05-22 13:22:19,174 INFO     ___FILE_ONLY___ ═
2024-05-22 13:22:19,202 INFO     ___FILE_ONLY___ ═
2024-05-22 13:22:19,228 INFO     ___FILE_ONLY___ ═
2024-05-22 13:22:19,250 INFO     ___FILE_ONLY___ ═
2024-05-22 13:22:19,271 INFO     ___FILE_ONLY___ ═
2024-05-22 13:22:19,292 INFO     ___FILE_ONLY___ ═
2024-05-22 13:22:19,310 INFO     ___FILE_ONLY___ ═
2024-05-22 13:22:19,331 INFO     ___FILE_ONLY___ ═
2024-05-22 13:22:19,354 INFO     ___FILE_ONLY___ ═
2024-05-22 13:22:19,388 INFO     ___FILE_ONLY___ ═
2024-05-22 13:22:19,418 INFO     ___FILE_ONLY___ ═
2024-05-22 13:22:19,453 INFO     ___FILE_ONLY___ ═
2024-05-22 13:22:19,476 INFO     ___FILE_ONLY___ ═
2024-05-22 13:22:19,494 INFO     ___FILE_ONLY___ ═
2024-05-22 13:22:19,514 INFO     ___FILE_ONLY___ ═
2024-05-22 13:22:19,538 INFO     ___FILE_ONLY___ ═
2024-05-22 13:22:19,563 INFO     ___FILE_ONLY___ ═
2024-05-22 13:22:19,581 INFO     ___FILE_ONLY___ ═
2024-05-22 13:22:19,602 INFO     ___FILE_ONLY___ ═
2024-05-22 13:22:19,626 INFO     ___FILE_ONLY___ ═
2024-05-22 13:22:19,648 INFO     ___FILE_ONLY___ ═
2024-05-22 13:22:19,667 INFO     ___FILE_ONLY___ ═
2024-05-22 13:22:19,688 INFO     ___FILE_ONLY___ ═
2024-05-22 13:22:19,710 INFO     ___FILE_ONLY___ ═
2024-05-22 13:22:19,758 INFO     ___FILE_ONLY___ ═
2024-05-22 13:22:19,784 INFO     ___FILE_ONLY___ ═
2024-05-22 13:22:19,815 INFO     ___FILE_ONLY___ ═
2024-05-22 13:22:19,837 INFO     ___FILE_ONLY___ ═
2024-05-22 13:22:19,838 INFO     ___FILE_ONLY___ ╝

2024-05-22 13:22:19,891 INFO     ___FILE_ONLY___ ╔════════════════════════════════════════════════════════════╗

2024-05-22 13:22:19,891 INFO     ___FILE_ONLY___ ╠═ Installing: Cloud Storage Command Line Tool (Platform... ═╣

2024-05-22 13:22:19,891 INFO     ___FILE_ONLY___ ╚
2024-05-22 13:22:19,894 DEBUG    urllib3.connectionpool Starting new HTTPS connection (1): dl.google.com:443
2024-05-22 13:22:19,965 DEBUG    urllib3.connectionpool https://dl.google.com:443 "GET /dl/cloudsdk/channels/rapid/components/google-cloud-sdk-gsutil-nix-20240106004423.tar.gz HTTP/1.1" 200 2042
2024-05-22 13:22:19,966 INFO     ___FILE_ONLY___ ══════════════════════════════
2024-05-22 13:22:19,967 INFO     ___FILE_ONLY___ ══════════════════════════════
2024-05-22 13:22:19,967 INFO     ___FILE_ONLY___ ╝

2024-05-22 13:22:19,975 INFO     ___FILE_ONLY___ ╔════════════════════════════════════════════════════════════╗

2024-05-22 13:22:19,975 INFO     ___FILE_ONLY___ ╠═ Installing: Default set of gcloud commands               ═╣

2024-05-22 13:22:19,975 INFO     ___FILE_ONLY___ ╚
2024-05-22 13:22:19,979 INFO     ___FILE_ONLY___ ════════════════════════════════════════════════════════════
2024-05-22 13:22:19,979 INFO     ___FILE_ONLY___ ╝

2024-05-22 13:22:19,981 INFO     ___FILE_ONLY___ ╔════════════════════════════════════════════════════════════╗

2024-05-22 13:22:19,981 INFO     ___FILE_ONLY___ ╠═ Installing: Google Cloud CLI Core Libraries (Platform... ═╣

2024-05-22 13:22:19,981 INFO     ___FILE_ONLY___ ╚
2024-05-22 13:22:19,984 DEBUG    urllib3.connectionpool Starting new HTTPS connection (1): dl.google.com:443
2024-05-22 13:22:20,100 DEBUG    urllib3.connectionpool https://dl.google.com:443 "GET /dl/cloudsdk/channels/rapid/components/google-cloud-sdk-core-nix-20240106004423.tar.gz HTTP/1.1" 200 2410
2024-05-22 13:22:20,100 INFO     ___FILE_ONLY___ ══════════════════════════════
2024-05-22 13:22:20,102 INFO     ___FILE_ONLY___ ═══════════════
2024-05-22 13:22:20,102 INFO     ___FILE_ONLY___ ═══════════════
2024-05-22 13:22:20,102 INFO     ___FILE_ONLY___ ╝

2024-05-22 13:22:20,110 INFO     ___FILE_ONLY___ ╔════════════════════════════════════════════════════════════╗

2024-05-22 13:22:20,110 INFO     ___FILE_ONLY___ ╠═ Installing: Google Cloud CRC32C Hash Tool                ═╣

2024-05-22 13:22:20,110 INFO     ___FILE_ONLY___ ╚
2024-05-22 13:22:20,114 INFO     ___FILE_ONLY___ ════════════════════════════════════════════════════════════
2024-05-22 13:22:20,115 INFO     ___FILE_ONLY___ ╝

2024-05-22 13:22:20,116 INFO     ___FILE_ONLY___ ╔════════════════════════════════════════════════════════════╗

2024-05-22 13:22:20,116 INFO     ___FILE_ONLY___ ╠═ Installing: Google Cloud CRC32C Hash Tool                ═╣

2024-05-22 13:22:20,117 INFO     ___FILE_ONLY___ ╚
2024-05-22 13:22:20,120 DEBUG    urllib3.connectionpool Starting new HTTPS connection (1): dl.google.com:443
2024-05-22 13:22:20,239 DEBUG    urllib3.connectionpool https://dl.google.com:443 "GET /dl/cloudsdk/channels/rapid/components/google-cloud-sdk-gcloud-crc32c-linux-x86_64-20231215195722.tar.gz HTTP/1.1" 200 1287877
2024-05-22 13:22:20,247 INFO     ___FILE_ONLY___ ═
2024-05-22 13:22:20,248 INFO     ___FILE_ONLY___ ═
2024-05-22 13:22:20,248 INFO     ___FILE_ONLY___ ═
2024-05-22 13:22:20,248 INFO     ___FILE_ONLY___ ═
2024-05-22 13:22:20,248 INFO     ___FILE_ONLY___ ═
2024-05-22 13:22:20,248 INFO     ___FILE_ONLY___ ═
2024-05-22 13:22:20,248 INFO     ___FILE_ONLY___ ═
2024-05-22 13:22:20,248 INFO     ___FILE_ONLY___ ═
2024-05-22 13:22:20,248 INFO     ___FILE_ONLY___ ═
2024-05-22 13:22:20,249 INFO     ___FILE_ONLY___ ═
2024-05-22 13:22:20,249 INFO     ___FILE_ONLY___ ═
2024-05-22 13:22:20,249 INFO     ___FILE_ONLY___ ═
2024-05-22 13:22:20,249 INFO     ___FILE_ONLY___ ═
2024-05-22 13:22:20,249 INFO     ___FILE_ONLY___ ═
2024-05-22 13:22:20,249 INFO     ___FILE_ONLY___ ═
2024-05-22 13:22:20,249 INFO     ___FILE_ONLY___ ═
2024-05-22 13:22:20,249 INFO     ___FILE_ONLY___ ═
2024-05-22 13:22:20,250 INFO     ___FILE_ONLY___ ═
2024-05-22 13:22:20,250 INFO     ___FILE_ONLY___ ═
2024-05-22 13:22:20,250 INFO     ___FILE_ONLY___ ═
2024-05-22 13:22:20,250 INFO     ___FILE_ONLY___ ═
2024-05-22 13:22:20,250 INFO     ___FILE_ONLY___ ═
2024-05-22 13:22:20,250 INFO     ___FILE_ONLY___ ═
2024-05-22 13:22:20,250 INFO     ___FILE_ONLY___ ═
2024-05-22 13:22:20,250 INFO     ___FILE_ONLY___ ═
2024-05-22 13:22:20,250 INFO     ___FILE_ONLY___ ═
2024-05-22 13:22:20,251 INFO     ___FILE_ONLY___ ═
2024-05-22 13:22:20,251 INFO     ___FILE_ONLY___ ═
2024-05-22 13:22:20,251 INFO     ___FILE_ONLY___ ═
2024-05-22 13:22:20,251 INFO     ___FILE_ONLY___ ═
2024-05-22 13:22:20,284 INFO     ___FILE_ONLY___ ═══════════════
2024-05-22 13:22:20,285 INFO     ___FILE_ONLY___ ═══════════════
2024-05-22 13:22:20,285 INFO     ___FILE_ONLY___ ╝

2024-05-22 13:22:20,293 INFO     ___FILE_ONLY___ ╔════════════════════════════════════════════════════════════╗

2024-05-22 13:22:20,293 INFO     ___FILE_ONLY___ ╠═ Installing: gcloud cli dependencies                      ═╣

2024-05-22 13:22:20,293 INFO     ___FILE_ONLY___ ╚
2024-05-22 13:22:20,297 DEBUG    urllib3.connectionpool Starting new HTTPS connection (1): dl.google.com:443
2024-05-22 13:22:20,412 DEBUG    urllib3.connectionpool https://dl.google.com:443 "GET /dl/cloudsdk/channels/rapid/components/google-cloud-sdk-gcloud-deps-linux-x86_64-20210416153011.tar.gz HTTP/1.1" 200 104
2024-05-22 13:22:20,412 INFO     ___FILE_ONLY___ ══════════════════════════════
2024-05-22 13:22:20,413 INFO     ___FILE_ONLY___ ══════════════════════════════
2024-05-22 13:22:20,413 INFO     ___FILE_ONLY___ ╝

2024-05-22 13:22:20,421 INFO     ___FILE_ONLY___ ╔════════════════════════════════════════════════════════════╗

2024-05-22 13:22:20,421 INFO     ___FILE_ONLY___ ╠═ Creating backup and activating new installation          ═╣

2024-05-22 13:22:20,421 INFO     ___FILE_ONLY___ ╚
2024-05-22 13:22:20,422 DEBUG    root            Attempting to move directory [/tools/google-cloud-sdk] to [/tools/google-cloud-sdk.staging/.install/.backup]
2024-05-22 13:22:20,422 INFO     ___FILE_ONLY___ ══════════════════════════════
2024-05-22 13:22:20,422 DEBUG    root            Attempting to move directory [/tools/google-cloud-sdk.staging] to [/tools/google-cloud-sdk]
2024-05-22 13:22:20,422 INFO     ___FILE_ONLY___ ══════════════════════════════
2024-05-22 13:22:20,422 INFO     ___FILE_ONLY___ ╝

2024-05-22 13:22:20,425 DEBUG    root            Updating notification cache...
2024-05-22 13:22:20,426 INFO     ___FILE_ONLY___ 

2024-05-22 13:22:20,428 INFO     ___FILE_ONLY___ Performing post processing steps...
2024-05-22 13:22:20,428 DEBUG    root            Executing command: ['/tools/google-cloud-sdk/bin/gcloud', 'components', 'post-process']
2024-05-22 13:22:29,905 DEBUG    ___FILE_ONLY___ 
2024-05-22 13:22:29,906 DEBUG    ___FILE_ONLY___ 
2024-05-22 13:22:29,942 INFO     ___FILE_ONLY___ 
Update done!


2024-05-22 13:22:29,945 DEBUG    root            Chosen display Format:none
2024-05-22 13:22:29,945 INFO     root            Display format: "none"
